-------------------------------------------------------------------------------
Test set: com.leaolabs.scheduling.v1.controller.TransferContractControllerTest
-------------------------------------------------------------------------------
Tests run: 1, Failures: 1, Errors: 0, Skipped: 0, Time elapsed: 2.54 s <<< FAILURE! - in com.leaolabs.scheduling.v1.controller.TransferContractControllerTest
whenCreateTransferContractAndAccountOringHasTooLongDescription  Time elapsed: 0.773 s  <<< FAILURE!
java.lang.AssertionError: Status expected:<400> but was:<201>
	at com.leaolabs.scheduling.v1.controller.TransferContractControllerTest.whenCreateTransferContractAndAccountOringHasTooLongDescription(TransferContractControllerTest.java:54)

