<?xml version="1.0" encoding="UTF-8"?>
<testsuite xmlns:xsi="http://www.w3.org/2001/XMLSchema-instance" xsi:noNamespaceSchemaLocation="https://maven.apache.org/surefire/maven-surefire-plugin/xsd/surefire-test-report.xsd" name="com.leaolabs.scheduling.v1.controller.TransferContractControllerTest" time="2.54" tests="1" errors="0" skipped="0" failures="1">
  <properties>
[...]
</properties>
  <testcase name="whenCreateTransferContractAndAccountOringHasTooLongDescription" classname="com.leaolabs.scheduling.v1.controller.TransferContractControllerTest" time="0.773">
    <failure message="Status expected:&lt;400&gt; but was:&lt;201&gt;" type="java.lang.AssertionError"><![CDATA[java.lang.AssertionError: Status expected:<400> but was:<201>
	at com.leaolabs.scheduling.v1.controller.TransferContractControllerTest.whenCreateTransferContractAndAccountOringHasTooLongDescription(TransferContractControllerTest.java:54)
]]></failure>
    <system-out><![CDATA[2020-09-11 22:37:37.628  INFO 66038 --- [           main] .b.t.c.SpringBootTestContextBootstrapper : Neither @ContextConfiguration nor @ContextHierarchy found for test class [com.leaolabs.scheduling.v1.controller.TransferContractControllerTest], using SpringBootContextLoader
2020-09-11 22:37:37.630  INFO 66038 --- [           main] o.s.t.c.support.AbstractContextLoader    : Could not detect default resource locations for test class [com.leaolabs.scheduling.v1.controller.TransferContractControllerTest]: no resource found for suffixes {-context.xml, Context.groovy}.
2020-09-11 22:37:37.631  INFO 66038 --- [           main] t.c.s.AnnotationConfigContextLoaderUtils : Could not detect default configuration classes for test class [com.leaolabs.scheduling.v1.controller.TransferContractControllerTest]: TransferContractControllerTest does not declare any static, non-private, non-final, nested classes annotated with @Configuration.
2020-09-11 22:37:37.651  INFO 66038 --- [           main] .b.t.c.SpringBootTestContextBootstrapper : Found @SpringBootConfiguration com.leaolabs.scheduling.SchedulingApplication for test class com.leaolabs.scheduling.v1.controller.TransferContractControllerTest
2020-09-11 22:37:37.654  INFO 66038 --- [           main] .b.t.c.SpringBootTestContextBootstrapper : Loaded default TestExecutionListener class names from location [META-INF/spring.factories]: [org.springframework.boot.test.mock.mockito.MockitoTestExecutionListener, org.springframework.boot.test.mock.mockito.ResetMocksTestExecutionListener, org.springframework.boot.test.autoconfigure.restdocs.RestDocsTestExecutionListener, org.springframework.boot.test.autoconfigure.web.client.MockRestServiceServerResetTestExecutionListener, org.springframework.boot.test.autoconfigure.web.servlet.MockMvcPrintOnlyOnFailureTestExecutionListener, org.springframework.boot.test.autoconfigure.web.servlet.WebDriverTestExecutionListener, org.springframework.boot.test.autoconfigure.webservices.client.MockWebServiceServerTestExecutionListener, org.springframework.test.context.web.ServletTestExecutionListener, org.springframework.test.context.support.DirtiesContextBeforeModesTestExecutionListener, org.springframework.test.context.support.DependencyInjectionTestExecutionListener, org.springframework.test.context.support.DirtiesContextTestExecutionListener, org.springframework.test.context.transaction.TransactionalTestExecutionListener, org.springframework.test.context.jdbc.SqlScriptsTestExecutionListener, org.springframework.test.context.event.EventPublishingTestExecutionListener]
2020-09-11 22:37:37.655  INFO 66038 --- [           main] .b.t.c.SpringBootTestContextBootstrapper : Using TestExecutionListeners: [org.springframework.test.context.web.ServletTestExecutionListener@373f0fd6, org.springframework.test.context.support.DirtiesContextBeforeModesTestExecutionListener@26949d82, org.springframework.boot.test.mock.mockito.MockitoTestExecutionListener@f9bba41, org.springframework.boot.test.autoconfigure.SpringBootDependencyInjectionTestExecutionListener@4e22d25e, org.springframework.test.context.support.DirtiesContextTestExecutionListener@12c25f3, org.springframework.test.context.transaction.TransactionalTestExecutionListener@3d6d0d9, org.springframework.test.context.jdbc.SqlScriptsTestExecutionListener@51cd3b50, org.springframework.test.context.event.EventPublishingTestExecutionListener@925b315, org.springframework.boot.test.mock.mockito.ResetMocksTestExecutionListener@69461c7f, org.springframework.boot.test.autoconfigure.restdocs.RestDocsTestExecutionListener@5c234996, org.springframework.boot.test.autoconfigure.web.client.MockRestServiceServerResetTestExecutionListener@648cfef9, org.springframework.boot.test.autoconfigure.web.servlet.MockMvcPrintOnlyOnFailureTestExecutionListener@40955466, org.springframework.boot.test.autoconfigure.web.servlet.WebDriverTestExecutionListener@19e90def, org.springframework.boot.test.autoconfigure.webservices.client.MockWebServiceServerTestExecutionListener@5f4098bd]

  .   ____          _            __ _ _
 /\\ / ___'_ __ _ _(_)_ __  __ _ \ \ \ \
( ( )\___ | '_ | '_| | '_ \/ _` | \ \ \ \
 \\/  ___)| |_)| | | | | || (_| |  ) ) ) )
  '  |____| .__|_| |_|_| |_\__, | / / / /
 =========|_|==============|___/=/_/_/_/
 :: Spring Boot ::        (v2.3.3.RELEASE)

2020-09-11 22:37:37.703  INFO 66038 --- [           main] c.l.s.v.c.TransferContractControllerTest : Starting TransferContractControllerTest on pc with PID 66038 (started by leonardo in /home/leonardo/Github/scheduling-financial-transfers-api)
2020-09-11 22:37:37.704  INFO 66038 --- [           main] c.l.s.v.c.TransferContractControllerTest : No active profile set, falling back to default profiles: default
2020-09-11 22:37:38.079  INFO 66038 --- [           main] .s.d.r.c.RepositoryConfigurationDelegate : Bootstrapping Spring Data JPA repositories in DEFERRED mode.
2020-09-11 22:37:38.102  INFO 66038 --- [           main] .s.d.r.c.RepositoryConfigurationDelegate : Finished Spring Data repository scanning in 22ms. Found 3 JPA repository interfaces.
2020-09-11 22:37:38.456  INFO 66038 --- [           main] o.s.s.concurrent.ThreadPoolTaskExecutor  : Initializing ExecutorService 'applicationTaskExecutor'
2020-09-11 22:37:38.503  INFO 66038 --- [         task-1] o.hibernate.jpa.internal.util.LogHelper  : HHH000204: Processing PersistenceUnitInfo [name: default]
2020-09-11 22:37:38.525  INFO 66038 --- [         task-1] com.zaxxer.hikari.HikariDataSource       : HikariPool-2 - Starting...
2020-09-11 22:37:38.552  INFO 66038 --- [         task-1] com.zaxxer.hikari.HikariDataSource       : HikariPool-2 - Start completed.
2020-09-11 22:37:38.555  INFO 66038 --- [         task-1] org.hibernate.dialect.Dialect            : HHH000400: Using dialect: org.hibernate.dialect.H2Dialect
2020-09-11 22:37:38.743  INFO 66038 --- [         task-1] o.h.e.t.j.p.i.JtaPlatformInitiator       : HHH000490: Using JtaPlatform implementation: [org.hibernate.engine.transaction.jta.platform.internal.NoJtaPlatform]
2020-09-11 22:37:38.761  INFO 66038 --- [         task-1] j.LocalContainerEntityManagerFactoryBean : Initialized JPA EntityManagerFactory for persistence unit 'default'
2020-09-11 22:37:38.830  WARN 66038 --- [           main] JpaBaseConfiguration$JpaWebConfiguration : spring.jpa.open-in-view is enabled by default. Therefore, database queries may be performed during view rendering. Explicitly configure spring.jpa.open-in-view to disable this warning
2020-09-11 22:37:39.302  INFO 66038 --- [           main] o.s.b.t.m.w.SpringBootMockServletContext : Initializing Spring TestDispatcherServlet ''
2020-09-11 22:37:39.303  INFO 66038 --- [           main] o.s.t.web.servlet.TestDispatcherServlet  : Initializing Servlet ''
2020-09-11 22:37:39.324  INFO 66038 --- [           main] o.s.t.web.servlet.TestDispatcherServlet  : Completed initialization in 20 ms
2020-09-11 22:37:39.338  INFO 66038 --- [           main] DeferredRepositoryInitializationListener : Triggering deferred initialization of Spring Data repositories…
2020-09-11 22:37:39.464  INFO 66038 --- [           main] DeferredRepositoryInitializationListener : Spring Data repositories initialized!
2020-09-11 22:37:39.469  INFO 66038 --- [           main] c.l.s.v.c.TransferContractControllerTest : Started TransferContractControllerTest in 1.809 seconds (JVM running for 18.068)

MockHttpServletRequest:
      HTTP Method = POST
      Request URI = /v1/scheduling/transfer
       Parameters = {}
          Headers = [Content-Type:"application/json;charset=UTF-8", Content-Length:"349"]
             Body = {"id":null,"accountOrigin":"aaaaaaaaaaaaa bbbbbbbbbbbbbbb cccccccccccc dddddddddd eeeeeeeeee fffffffffffff ggggggggggggg hhhhhhhhhh","accountTarget":"11111","amount":10,"customer":{"id":null,"name":"Leonardo Nascimento Cintra","cpf":"11122233345"},"scheduling":{"id":null,"schedulingDate":null,"transferDate":null},"createdAt":null,"updatedAt":null}
    Session Attrs = {}

Handler:
             Type = com.leaolabs.scheduling.v1.controller.TransferContractController
           Method = com.leaolabs.scheduling.v1.controller.TransferContractController#post(TransferContractDto)

Async:
    Async started = false
     Async result = null

Resolved Exception:
             Type = null

ModelAndView:
        View name = null
             View = null
            Model = null

FlashMap:
       Attributes = null

MockHttpServletResponse:
           Status = 201
    Error message = null
          Headers = [Content-Type:"application/json"]
     Content type = application/json
             Body = {"meta":{"version":"'0.0.1'","server":"pc","recordCount":1,"limit":50,"offset":0},"records":[{"id":1,"accountOrigin":"aaaaaaaaaaaaa bbbbbbbbbbbbbbb cccccccccccc dddddddddd eeeeeeeeee fffffffffffff ggggggggggggg hhhhhhhhhh","accountTarget":"11111","amount":10,"customer":{"id":1,"name":"Leonardo Nascimento Cintra","cpf":"11122233345"},"scheduling":{"id":1,"schedulingDate":"2020-09-11T22:37:40.164753-03:00","transferDate":null},"createdAt":"2020-09-11T22:37:40.17285-03:00","updatedAt":"2020-09-11T22:37:40.17285-03:00"}],"errorMessages":null}
    Forwarded URL = null
   Redirected URL = null
          Cookies = []
]]></system-out>
  </testcase>
</testsuite>