<?xml version="1.0" encoding="UTF-8"?>
<testsuite xmlns:xsi="http://www.w3.org/2001/XMLSchema-instance" xsi:noNamespaceSchemaLocation="https://maven.apache.org/surefire/maven-surefire-plugin/xsd/surefire-test-report.xsd" name="com.leaolabs.scheduling.v1.controller.TransferContractControllerTest" time="9.358" tests="21" errors="0" skipped="0" failures="0">
  <properties>
[...]
</properties>
  <testcase name="whenCreateTransferContractAndCustomerCpfMissing" classname="com.leaolabs.scheduling.v1.controller.TransferContractControllerTest" time="1.403"/>
  <testcase name="whenCreateTransferContractAndCustomerNameHasTooLongDescription" classname="com.leaolabs.scheduling.v1.controller.TransferContractControllerTest" time="0.06"/>
  <testcase name="whenCreateTransferContractAndAccountOriginHasMissing" classname="com.leaolabs.scheduling.v1.controller.TransferContractControllerTest" time="0.045"/>
  <testcase name="whenCreateTransferContractAndSchedulingHasInThePast" classname="com.leaolabs.scheduling.v1.controller.TransferContractControllerTest" time="0.045"/>
  <testcase name="whenCreateTransferContractAndAmountHasLessThanOne" classname="com.leaolabs.scheduling.v1.controller.TransferContractControllerTest" time="0.239"/>
  <testcase name="whenCreateTransferContractAndCustomerMissing" classname="com.leaolabs.scheduling.v1.controller.TransferContractControllerTest" time="0.064"/>
  <testcase name="whenCreateTransferContractAndAccountTargetHasTooLongDescription" classname="com.leaolabs.scheduling.v1.controller.TransferContractControllerTest" time="0.064"/>
  <testcase name="whenCreateTransferContractWhenTransferTodaySuccess" classname="com.leaolabs.scheduling.v1.controller.TransferContractControllerTest" time="1.048"/>
  <testcase name="whenCreateTransferContractAndAccountTargetHasEmptyString" classname="com.leaolabs.scheduling.v1.controller.TransferContractControllerTest" time="0.054"/>
  <testcase name="whenCreateTransferContractAndAmountHasMissing" classname="com.leaolabs.scheduling.v1.controller.TransferContractControllerTest" time="0.028"/>
  <testcase name="whenCreateTransferContractAndCustomerNameMissing" classname="com.leaolabs.scheduling.v1.controller.TransferContractControllerTest" time="0.03"/>
  <testcase name="whenCreateTransferContractAndCustomerCpfHasTooLesserDescription" classname="com.leaolabs.scheduling.v1.controller.TransferContractControllerTest" time="0.041"/>
  <testcase name="whenCreateTransferContractAndCustomerCpfHasTooLongDescription" classname="com.leaolabs.scheduling.v1.controller.TransferContractControllerTest" time="0.066"/>
  <testcase name="whenCreateTransferContractAndAccountOriginHasTooLongDescription" classname="com.leaolabs.scheduling.v1.controller.TransferContractControllerTest" time="0.053"/>
  <testcase name="whenFindTransferContractSuccessByCustomerCPF" classname="com.leaolabs.scheduling.v1.controller.TransferContractControllerTest" time="0.336"/>
  <testcase name="whenCreateTransferContractAndAmountHasZero" classname="com.leaolabs.scheduling.v1.controller.TransferContractControllerTest" time="0.073"/>
  <testcase name="whenCreateTransferContractAndSchedulingHasMissing" classname="com.leaolabs.scheduling.v1.controller.TransferContractControllerTest" time="0.035"/>
  <testcase name="whenCreateTransferContractAndAccountTargetHasMissing" classname="com.leaolabs.scheduling.v1.controller.TransferContractControllerTest" time="0.061"/>
  <testcase name="whenCreateTransferContractAndAccountOriginHasEmptyString" classname="com.leaolabs.scheduling.v1.controller.TransferContractControllerTest" time="0.067"/>
  <testcase name="whenCreateTransferContractAndCustomerNameIsEmptyString" classname="com.leaolabs.scheduling.v1.controller.TransferContractControllerTest" time="0.044"/>
  <testcase name="whenCreateTransferContractWhenTransferForTenDayRuleSuccess" classname="com.leaolabs.scheduling.v1.controller.TransferContractControllerTest" time="0.076"/>
</testsuite>